<?xml version="1.0" encoding="UTF-8"?>
<testsuite name="RockPaperScissorsTest" tests="1" skipped="0" failures="0" errors="0" timestamp="2016-09-07T22:39:18" hostname="epicodus-96.local" time="0.001">
  <properties/>
  <testcase name="displayResult_displayATie_String" classname="RockPaperScissorsTest" time="0.001"/>
  <system-out><![CDATA[]]></system-out>
  <system-err><![CDATA[]]></system-err>
</testsuite>
