<?xml version="1.0" encoding="UTF-8"?>
<testsuite name="RockPaperScissorsTest" tests="3" skipped="0" failures="0" errors="0" timestamp="2016-09-07T23:20:37" hostname="epicodus-96.local" time="0.002">
  <properties/>
  <testcase name="displayResult_displayPlayerOneVictory_String" classname="RockPaperScissorsTest" time="0.001"/>
  <testcase name="displayResult_displayPlayerTwoVictory_String" classname="RockPaperScissorsTest" time="0.0"/>
  <testcase name="displayResult_displayATie_String" classname="RockPaperScissorsTest" time="0.0"/>
  <system-out><![CDATA[]]></system-out>
  <system-err><![CDATA[]]></system-err>
</testsuite>
